weiWangYun/build/outputs/logs/manifest-merger-debug-report.txt
-- Merging decision tree log ---
manifest
ADDED from src\main\AndroidManifest.xml:2:1-186:12
	package
		ADDED from src\main\AndroidManifest.xml:4:5-28
		INJECTED from src\main\AndroidManifest.xml
		INJECTED from src\main\AndroidManifest.xml
	android:versionName
		ADDED from src\main\AndroidManifest.xml:6:5-30
		INJECTED from src\main\AndroidManifest.xml
		INJECTED from src\main\AndroidManifest.xml
	xmlns:tools
		ADDED from src\main\AndroidManifest.xml:3:5-51
	android:versionCode
		ADDED from src\main\AndroidManifest.xml:5:5-28
		INJECTED from src\main\AndroidManifest.xml
		INJECTED from src\main\AndroidManifest.xml
	xmlns:android
		ADDED from src\main\AndroidManifest.xml:2:11-69
uses-sdk
ADDED from src\main\AndroidManifest.xml:8:5-10:41
MERGED from [eCloud_YLL:wXlibrary:unspecified] AndroidManifest.xml:7:5-9:41
MERGED from [eCloud_YLL:library_pulltorefresh:unspecified] AndroidManifest.xml:7:5-9:40
MERGED from [eCloud_YLL:scalableVideoView:unspecified] AndroidManifest.xml:7:5-9:41
MERGED from [com.android.support:support-v4:20.0.0] AndroidManifest.xml:16:5-42
	android:targetSdkVersion
		ADDED from src\main\AndroidManifest.xml:10:9-38
		INJECTED from src\main\AndroidManifest.xml
		INJECTED from src\main\AndroidManifest.xml
	android:minSdkVersion
		ADDED from src\main\AndroidManifest.xml:9:9-35
		INJECTED from src\main\AndroidManifest.xml
		INJECTED from src\main\AndroidManifest.xml
application
ADDED from src\main\AndroidManifest.xml:13:5-147:19
MERGED from [eCloud_YLL:wXlibrary:unspecified] AndroidManifest.xml:11:5-26:19
MERGED from [eCloud_YLL:library_pulltorefresh:unspecified] AndroidManifest.xml:11:5-20
MERGED from [eCloud_YLL:scalableVideoView:unspecified] AndroidManifest.xml:11:5-27:19
MERGED from [com.android.support:support-v4:20.0.0] AndroidManifest.xml:17:5-19
	android:label
		ADDED from src\main\AndroidManifest.xml:17:9-41
	android:allowBackup
		ADDED from src\main\AndroidManifest.xml:15:9-35
	android:icon
		ADDED from src\main\AndroidManifest.xml:16:9-45
		REJECTED from [eCloud_YLL:wXlibrary:unspecified] AndroidManifest.xml:13:9-45
		REJECTED from [eCloud_YLL:scalableVideoView:unspecified] AndroidManifest.xml:13:9-45
	android:theme
		ADDED from src\main\AndroidManifest.xml:18:9-62
		REJECTED from [eCloud_YLL:scalableVideoView:unspecified] AndroidManifest.xml:15:9-40
	tools:replace
		ADDED from src\main\AndroidManifest.xml:19:9-52
	android:name
		ADDED from src\main\AndroidManifest.xml:14:9-53
meta-data#com.baidu.lbsapi.API_KEY
ADDED from src\main\AndroidManifest.xml:20:9-22:56
	android:value
		ADDED from src\main\AndroidManifest.xml:22:13-53
	android:name
		ADDED from src\main\AndroidManifest.xml:21:13-52
meta-data#UMENG_APPKEY
ADDED from src\main\AndroidManifest.xml:24:9-26:56
	android:value
		ADDED from src\main\AndroidManifest.xml:26:13-53
	android:name
		ADDED from src\main\AndroidManifest.xml:25:13-40
activity#com.yancy.imageselector.ImageSelectorActivity
ADDED from src\main\AndroidManifest.xml:28:9-91
	android:name
		ADDED from src\main\AndroidManifest.xml:28:19-79
activity#com.sptd.eyun.ui.EditQuestionOrReplyActivity
ADDED from src\main\AndroidManifest.xml:33:9-35:61
	android:screenOrientation
		ADDED from src\main\AndroidManifest.xml:35:13-49
	android:name
		ADDED from src\main\AndroidManifest.xml:34:13-72
activity#com.sptd.eyun.ui.ImagePagerRLActivity
ADDED from src\main\AndroidManifest.xml:36:9-38:61
	android:screenOrientation
		ADDED from src\main\AndroidManifest.xml:38:13-49
	android:name
		ADDED from src\main\AndroidManifest.xml:37:13-65
activity#com.sptd.eyun.ui.OPDetailsActivity
ADDED from src\main\AndroidManifest.xml:39:9-41:61
	android:screenOrientation
		ADDED from src\main\AndroidManifest.xml:41:13-49
	android:name
		ADDED from src\main\AndroidManifest.xml:40:13-62
activity#com.sptd.eyun.ui.NewOpActivity
ADDED from src\main\AndroidManifest.xml:42:9-44:61
	android:screenOrientation
		ADDED from src\main\AndroidManifest.xml:44:13-49
	android:name
		ADDED from src\main\AndroidManifest.xml:43:13-58
activity#com.sptd.eyun.ui.OP_TroubleSearchActivity
ADDED from src\main\AndroidManifest.xml:45:9-47:61
	android:screenOrientation
		ADDED from src\main\AndroidManifest.xml:47:13-49
	android:name
		ADDED from src\main\AndroidManifest.xml:46:13-69
activity#com.sptd.eyun.ui.RespondToCommentsActivity
ADDED from src\main\AndroidManifest.xml:48:9-50:61
	android:screenOrientation
		ADDED from src\main\AndroidManifest.xml:50:13-49
	android:name
		ADDED from src\main\AndroidManifest.xml:49:13-70
activity#com.sptd.eyun.ui.NewRecordVideoActivity
ADDED from src\main\AndroidManifest.xml:51:9-53:61
	android:screenOrientation
		ADDED from src\main\AndroidManifest.xml:53:13-49
	android:name
		ADDED from src\main\AndroidManifest.xml:52:13-67
activity#com.sptd.eyun.ui.SplashActivity
ADDED from src\main\AndroidManifest.xml:54:9-62:20
	android:screenOrientation
		ADDED from src\main\AndroidManifest.xml:56:13-49
	android:name
		ADDED from src\main\AndroidManifest.xml:55:13-59
intent-filter#android.intent.action.MAIN+android.intent.category.LAUNCHER
ADDED from src\main\AndroidManifest.xml:57:13-61:29
action#android.intent.action.MAIN
ADDED from src\main\AndroidManifest.xml:58:17-69
	android:name
		ADDED from src\main\AndroidManifest.xml:58:25-66
category#android.intent.category.LAUNCHER
ADDED from src\main\AndroidManifest.xml:60:17-77
	android:name
		ADDED from src\main\AndroidManifest.xml:60:27-74
activity#com.sptd.eyun.ui.LoadingActivity
ADDED from src\main\AndroidManifest.xml:63:9-65:61
	android:screenOrientation
		ADDED from src\main\AndroidManifest.xml:65:13-49
	android:name
		ADDED from src\main\AndroidManifest.xml:64:13-60
activity#com.sptd.eyun.ui.loginregister.LoginActivity
ADDED from src\main\AndroidManifest.xml:66:9-68:61
	android:screenOrientation
		ADDED from src\main\AndroidManifest.xml:68:13-49
	android:name
		ADDED from src\main\AndroidManifest.xml:67:13-72
activity#com.sptd.eyun.ui.PlayVideoActiviy
ADDED from src\main\AndroidManifest.xml:69:9-71:61
	android:screenOrientation
		ADDED from src\main\AndroidManifest.xml:71:13-49
	android:name
		ADDED from src\main\AndroidManifest.xml:70:13-61
activity#com.sptd.eyun.ui.loginregister.RegisterActivity
ADDED from src\main\AndroidManifest.xml:72:9-74:61
	android:screenOrientation
		ADDED from src\main\AndroidManifest.xml:74:13-49
	android:name
		ADDED from src\main\AndroidManifest.xml:73:13-75
activity#com.sptd.eyun.ui.loginregister.ProtocolActivity
ADDED from src\main\AndroidManifest.xml:75:9-77:61
	android:screenOrientation
		ADDED from src\main\AndroidManifest.xml:77:13-49
	android:name
		ADDED from src\main\AndroidManifest.xml:76:13-75
activity#com.sptd.eyun.ui.myinfo.MyZhanActivity
ADDED from src\main\AndroidManifest.xml:78:9-80:61
	android:screenOrientation
		ADDED from src\main\AndroidManifest.xml:80:13-49
	android:name
		ADDED from src\main\AndroidManifest.xml:79:13-66
activity#com.sptd.eyun.ui.myinfo.OverlayActivity
ADDED from src\main\AndroidManifest.xml:81:9-83:61
	android:screenOrientation
		ADDED from src\main\AndroidManifest.xml:83:13-49
	android:name
		ADDED from src\main\AndroidManifest.xml:82:13-67
service#com.baidu.location.f
ADDED from src\main\AndroidManifest.xml:85:9-88:49
	android:enabled
		ADDED from src\main\AndroidManifest.xml:87:13-35
	android:process
		ADDED from src\main\AndroidManifest.xml:88:13-38
	android:name
		ADDED from src\main\AndroidManifest.xml:86:13-48
activity#com.sptd.eyun.ui.HomeActivity
ADDED from src\main\AndroidManifest.xml:90:9-92:61
	android:screenOrientation
		ADDED from src\main\AndroidManifest.xml:92:13-49
	android:name
		ADDED from src\main\AndroidManifest.xml:91:13-57
activity#com.sptd.eyun.ui.ImagePagerActivity
ADDED from src\main\AndroidManifest.xml:93:9-95:61
	android:screenOrientation
		ADDED from src\main\AndroidManifest.xml:95:13-49
	android:name
		ADDED from src\main\AndroidManifest.xml:94:13-63
receiver#com.sptd.broadcast.BootReceiver
ADDED from src\main\AndroidManifest.xml:97:9-104:20
	android:name
		ADDED from src\main\AndroidManifest.xml:97:19-65
intent-filter#android.intent.action.PACKAGE_ADDED+android.intent.action.PACKAGE_REMOVED
ADDED from src\main\AndroidManifest.xml:98:13-103:29
action#android.intent.action.PACKAGE_ADDED
ADDED from src\main\AndroidManifest.xml:99:17-78
	android:name
		ADDED from src\main\AndroidManifest.xml:99:25-75
action#android.intent.action.PACKAGE_REMOVED
ADDED from src\main\AndroidManifest.xml:100:17-80
	android:name
		ADDED from src\main\AndroidManifest.xml:100:25-77
data
ADDED from src\main\AndroidManifest.xml:102:17-50
	android:scheme
		ADDED from src\main\AndroidManifest.xml:102:23-47
activity#com.sptd.eyun.ui.zhan.ZhanOverlayActivity
ADDED from src\main\AndroidManifest.xml:106:9-108:61
	android:screenOrientation
		ADDED from src\main\AndroidManifest.xml:108:13-49
	android:name
		ADDED from src\main\AndroidManifest.xml:107:13-69
activity#com.sptd.eyun.ui.myinfo.ModifyPasswordActivity
ADDED from src\main\AndroidManifest.xml:109:9-111:61
	android:screenOrientation
		ADDED from src\main\AndroidManifest.xml:111:13-49
	android:name
		ADDED from src\main\AndroidManifest.xml:110:13-74
activity#com.sptd.eyun.ui.myinfo.ModifyRemarkActivity
ADDED from src\main\AndroidManifest.xml:112:9-114:61
	android:screenOrientation
		ADDED from src\main\AndroidManifest.xml:114:13-49
	android:name
		ADDED from src\main\AndroidManifest.xml:113:13-72
activity#com.sptd.eyun.ui.myinfo.ModifyUserNameActivity
ADDED from src\main\AndroidManifest.xml:115:9-117:61
	android:screenOrientation
		ADDED from src\main\AndroidManifest.xml:117:13-49
	android:name
		ADDED from src\main\AndroidManifest.xml:116:13-74
activity#com.sptd.eyun.ui.myinfo.ModifyMyZhanActivity
ADDED from src\main\AndroidManifest.xml:118:9-120:61
	android:screenOrientation
		ADDED from src\main\AndroidManifest.xml:120:13-49
	android:name
		ADDED from src\main\AndroidManifest.xml:119:13-72
activity#com.sptd.eyun.ui.loginregister.FgPasswordActivity
ADDED from src\main\AndroidManifest.xml:121:9-123:61
	android:screenOrientation
		ADDED from src\main\AndroidManifest.xml:123:13-49
	android:name
		ADDED from src\main\AndroidManifest.xml:122:13-77
activity#com.sptd.eyun.ui.myinfo.MipcaActivityCapture
ADDED from src\main\AndroidManifest.xml:124:9-126:61
	android:screenOrientation
		ADDED from src\main\AndroidManifest.xml:126:13-49
	android:name
		ADDED from src\main\AndroidManifest.xml:125:13-72
activity#com.sptd.eyun.ui.myinfo.SelectZhanActivity
ADDED from src\main\AndroidManifest.xml:127:9-129:61
	android:screenOrientation
		ADDED from src\main\AndroidManifest.xml:129:13-49
	android:name
		ADDED from src\main\AndroidManifest.xml:128:13-70
activity#com.sptd.eyun.ui.myinfo.MyinfoActivity
ADDED from src\main\AndroidManifest.xml:130:9-132:61
	android:screenOrientation
		ADDED from src\main\AndroidManifest.xml:132:13-49
	android:name
		ADDED from src\main\AndroidManifest.xml:131:13-66
activity#com.sptd.eyun.ui.myinfo.MyyunweiActivity
ADDED from src\main\AndroidManifest.xml:133:9-135:61
	android:screenOrientation
		ADDED from src\main\AndroidManifest.xml:135:13-49
	android:name
		ADDED from src\main\AndroidManifest.xml:134:13-68
activity#com.sptd.eyun.ui.loginregister.ThirdMyZhanActivity
ADDED from src\main\AndroidManifest.xml:136:9-140:20
	android:screenOrientation
		ADDED from src\main\AndroidManifest.xml:138:13-49
	android:name
		ADDED from src\main\AndroidManifest.xml:137:13-78
service#com.sptd.eyun.service.UpdateService
ADDED from src\main\AndroidManifest.xml:142:9-146:19
	android:name
		ADDED from src\main\AndroidManifest.xml:142:18-68
intent-filter#com.sptd.eyun.service.UpdateService
ADDED from src\main\AndroidManifest.xml:143:13-145:29
action#com.sptd.eyun.service.UpdateService
ADDED from src\main\AndroidManifest.xml:144:17-78
	android:name
		ADDED from src\main\AndroidManifest.xml:144:25-75
uses-permission#android.permission.RECORD_AUDIO
ADDED from src\main\AndroidManifest.xml:149:5-71
	android:name
		ADDED from src\main\AndroidManifest.xml:149:22-68
uses-permission#android.permission.INTERNET
ADDED from src\main\AndroidManifest.xml:151:5-67
	android:name
		ADDED from src\main\AndroidManifest.xml:151:22-64
uses-permission#android.permission.WRITE_SETTINGS
ADDED from src\main\AndroidManifest.xml:152:5-73
	android:name
		ADDED from src\main\AndroidManifest.xml:152:22-70
uses-permission#android.permission.ACCESS_WIFI_STATE
ADDED from src\main\AndroidManifest.xml:153:5-76
	android:name
		ADDED from src\main\AndroidManifest.xml:153:22-73
uses-permission#android.permission.ACCESS_NETWORK_STATE
ADDED from src\main\AndroidManifest.xml:154:5-79
	android:name
		ADDED from src\main\AndroidManifest.xml:154:22-76
uses-permission#android.permission.VIBRATE
ADDED from src\main\AndroidManifest.xml:155:5-66
	android:name
		ADDED from src\main\AndroidManifest.xml:155:22-63
uses-permission#android.permission.CHANGE_WIFI_STATE
ADDED from src\main\AndroidManifest.xml:159:5-92
	android:name
		ADDED from src\main\AndroidManifest.xml:159:22-73
uses-permission#android.permission.READ_PHONE_STATE
ADDED from src\main\AndroidManifest.xml:161:5-91
	android:name
		ADDED from src\main\AndroidManifest.xml:161:22-72
uses-permission#android.permission.CALL_PHONE
ADDED from src\main\AndroidManifest.xml:162:5-69
	android:name
		ADDED from src\main\AndroidManifest.xml:162:22-66
uses-permission#android.permission.ACCESS_FINE_LOCATION
ADDED from src\main\AndroidManifest.xml:164:5-79
	android:name
		ADDED from src\main\AndroidManifest.xml:164:22-76
uses-permission#android.permission.BAIDU_LOCATION_SERVICE
ADDED from src\main\AndroidManifest.xml:168:5-81
	android:name
		ADDED from src\main\AndroidManifest.xml:168:22-78
uses-permission#android.permission.ACCESS_COARSE_LOCATION
ADDED from src\main\AndroidManifest.xml:169:5-81
	android:name
		ADDED from src\main\AndroidManifest.xml:169:22-78
uses-permission#android.permission.ACCESS_GPS
ADDED from src\main\AndroidManifest.xml:171:5-69
	android:name
		ADDED from src\main\AndroidManifest.xml:171:22-66
uses-permission#android.permission.READ_LOGS
ADDED from src\main\AndroidManifest.xml:172:5-68
	android:name
		ADDED from src\main\AndroidManifest.xml:172:22-65
uses-permission#android.permission.WRITE_EXTERNAL_STORAGE
ADDED from src\main\AndroidManifest.xml:174:5-97
	android:name
		ADDED from src\main\AndroidManifest.xml:174:22-78
uses-permission#android.permission.CAMERA
ADDED from src\main\AndroidManifest.xml:178:5-65
	android:name
		ADDED from src\main\AndroidManifest.xml:178:22-62
uses-permission#android.permission.RESTART_PACKAGES
ADDED from src\main\AndroidManifest.xml:181:5-75
	android:name
		ADDED from src\main\AndroidManifest.xml:181:22-72
uses-feature#android.hardware.camera
ADDED from src\main\AndroidManifest.xml:183:5-60
	android:name
		ADDED from src\main\AndroidManifest.xml:183:19-57
uses-feature#android.hardware.camera.autofocus
ADDED from src\main\AndroidManifest.xml:184:5-70
	android:name
		ADDED from src\main\AndroidManifest.xml:184:19-67
uses-permission#android.permission.READ_EXTERNAL_STORAGE
IMPLIED from src\main\AndroidManifest.xml:2:1-186:12 reason: com.yancy.imageselector requested WRITE_EXTERNAL_STORAGE